[debug] [2025-09-08T20:01:33.142Z] Object "" in "firebase.json" has unknown property: {"additionalProperty":"headers"}
[error] Failed to fetch Firebase Project from Studio Workspace because WORKSPACE_SLUG environment variable is empty
[debug] [2025-09-08T20:01:33.236Z] Object "" in "firebase.json" has unknown property: {"additionalProperty":"headers"}
[error] Failed to fetch Firebase Project from Studio Workspace because WORKSPACE_SLUG environment variable is empty
[debug] [2025-09-08T20:01:33.243Z] Checked if tokens are valid: false, expires at: 1757352121615
[debug] [2025-09-08T20:01:33.243Z] Checked if tokens are valid: false, expires at: 1757352121615
[debug] [2025-09-08T20:01:33.245Z] > refreshing access token with scopes: []
[debug] [2025-09-08T20:01:33.250Z] >>> [apiv2][query] POST https://www.googleapis.com/oauth2/v3/token [none]
[debug] [2025-09-08T20:01:33.250Z] >>> [apiv2][body] POST https://www.googleapis.com/oauth2/v3/token [omitted]
[debug] [2025-09-08T20:01:33.331Z] Checked if tokens are valid: false, expires at: 1757352121615
[debug] [2025-09-08T20:01:33.338Z] Checked if tokens are valid: false, expires at: 1757352121615
[debug] [2025-09-08T20:01:33.338Z] > refreshing access token with scopes: []
[debug] [2025-09-08T20:01:33.340Z] >>> [apiv2][query] POST https://www.googleapis.com/oauth2/v3/token [none]
[debug] [2025-09-08T20:01:33.342Z] >>> [apiv2][body] POST https://www.googleapis.com/oauth2/v3/token [omitted]
[debug] [2025-09-08T20:01:33.347Z] Checked if tokens are valid: false, expires at: 1757352121615
[debug] [2025-09-08T20:01:33.347Z] Checked if tokens are valid: false, expires at: 1757352121615
[debug] [2025-09-08T20:01:33.348Z] > refreshing access token with scopes: []
[debug] [2025-09-08T20:01:33.349Z] >>> [apiv2][query] POST https://www.googleapis.com/oauth2/v3/token [none]
[debug] [2025-09-08T20:01:33.349Z] >>> [apiv2][body] POST https://www.googleapis.com/oauth2/v3/token [omitted]
[debug] [2025-09-08T20:01:33.352Z] Checked if tokens are valid: false, expires at: 1757352121615
[debug] [2025-09-08T20:01:33.353Z] Checked if tokens are valid: false, expires at: 1757352121615
[debug] [2025-09-08T20:01:33.353Z] > refreshing access token with scopes: []
[debug] [2025-09-08T20:01:33.353Z] >>> [apiv2][query] POST https://www.googleapis.com/oauth2/v3/token [none]
[debug] [2025-09-08T20:01:33.353Z] >>> [apiv2][body] POST https://www.googleapis.com/oauth2/v3/token [omitted]
[debug] [2025-09-08T20:01:33.357Z] Checked if tokens are valid: false, expires at: 1757352121615
[debug] [2025-09-08T20:01:33.358Z] Checked if tokens are valid: false, expires at: 1757352121615
[debug] [2025-09-08T20:01:33.359Z] > refreshing access token with scopes: []
[debug] [2025-09-08T20:01:33.359Z] >>> [apiv2][query] POST https://www.googleapis.com/oauth2/v3/token [none]
[debug] [2025-09-08T20:01:33.360Z] >>> [apiv2][body] POST https://www.googleapis.com/oauth2/v3/token [omitted]
[debug] [2025-09-08T20:01:33.599Z] Object "" in "firebase.json" has unknown property: {"additionalProperty":"headers"}
[error] Failed to fetch Firebase Project from Studio Workspace because WORKSPACE_SLUG environment variable is empty
[debug] [2025-09-08T20:01:33.602Z] Object "" in "firebase.json" has unknown property: {"additionalProperty":"headers"}
[error] Failed to fetch Firebase Project from Studio Workspace because WORKSPACE_SLUG environment variable is empty
[debug] [2025-09-08T20:01:33.604Z] Checked if tokens are valid: false, expires at: 1757352121615
[debug] [2025-09-08T20:01:33.604Z] Checked if tokens are valid: false, expires at: 1757352121615
[debug] [2025-09-08T20:01:33.604Z] > refreshing access token with scopes: []
[debug] [2025-09-08T20:01:33.605Z] >>> [apiv2][query] POST https://www.googleapis.com/oauth2/v3/token [none]
[debug] [2025-09-08T20:01:33.605Z] >>> [apiv2][body] POST https://www.googleapis.com/oauth2/v3/token [omitted]
[debug] [2025-09-08T20:01:33.609Z] Checked if tokens are valid: false, expires at: 1757352121615
[debug] [2025-09-08T20:01:33.609Z] Checked if tokens are valid: false, expires at: 1757352121615
[debug] [2025-09-08T20:01:33.609Z] > refreshing access token with scopes: []
[debug] [2025-09-08T20:01:33.610Z] >>> [apiv2][query] POST https://www.googleapis.com/oauth2/v3/token [none]
[debug] [2025-09-08T20:01:33.610Z] >>> [apiv2][body] POST https://www.googleapis.com/oauth2/v3/token [omitted]
[debug] [2025-09-08T20:01:33.615Z] Checked if tokens are valid: false, expires at: 1757352121615
[debug] [2025-09-08T20:01:33.615Z] Checked if tokens are valid: false, expires at: 1757352121615
[debug] [2025-09-08T20:01:33.615Z] > refreshing access token with scopes: []
[debug] [2025-09-08T20:01:33.616Z] >>> [apiv2][query] POST https://www.googleapis.com/oauth2/v3/token [none]
[debug] [2025-09-08T20:01:33.616Z] >>> [apiv2][body] POST https://www.googleapis.com/oauth2/v3/token [omitted]
[debug] [2025-09-08T20:01:33.620Z] Checked if tokens are valid: false, expires at: 1757352121615
[debug] [2025-09-08T20:01:33.620Z] Checked if tokens are valid: false, expires at: 1757352121615
[debug] [2025-09-08T20:01:33.620Z] > refreshing access token with scopes: []
[debug] [2025-09-08T20:01:33.621Z] >>> [apiv2][query] POST https://www.googleapis.com/oauth2/v3/token [none]
[debug] [2025-09-08T20:01:33.622Z] >>> [apiv2][body] POST https://www.googleapis.com/oauth2/v3/token [omitted]
[debug] [2025-09-08T20:01:33.628Z] Checked if tokens are valid: false, expires at: 1757352121615
[debug] [2025-09-08T20:01:33.628Z] Checked if tokens are valid: false, expires at: 1757352121615
[debug] [2025-09-08T20:01:33.629Z] > refreshing access token with scopes: []
[debug] [2025-09-08T20:01:33.629Z] >>> [apiv2][query] POST https://www.googleapis.com/oauth2/v3/token [none]
[debug] [2025-09-08T20:01:33.633Z] >>> [apiv2][body] POST https://www.googleapis.com/oauth2/v3/token [omitted]
[debug] [2025-09-08T20:01:33.709Z] <<< [apiv2][status] POST https://www.googleapis.com/oauth2/v3/token 200
[debug] [2025-09-08T20:01:33.710Z] <<< [apiv2][body] POST https://www.googleapis.com/oauth2/v3/token [omitted]
[debug] [2025-09-08T20:01:33.733Z] >>> [apiv2][query] GET https://serviceusage.googleapis.com/v1/projects/calmloop/services/firebaseio.com [none]
[debug] [2025-09-08T20:01:33.734Z] >>> [apiv2][(partial)header] GET https://serviceusage.googleapis.com/v1/projects/calmloop/services/firebaseio.com x-goog-quota-user=projects/calmloop
[debug] [2025-09-08T20:01:33.803Z] <<< [apiv2][status] POST https://www.googleapis.com/oauth2/v3/token 200
[debug] [2025-09-08T20:01:33.804Z] <<< [apiv2][body] POST https://www.googleapis.com/oauth2/v3/token [omitted]
[debug] [2025-09-08T20:01:33.832Z] >>> [apiv2][query] GET https://serviceusage.googleapis.com/v1/projects/calmloop/services/ [none]
[debug] [2025-09-08T20:01:33.832Z] >>> [apiv2][(partial)header] GET https://serviceusage.googleapis.com/v1/projects/calmloop/services/ x-goog-quota-user=projects/calmloop
[debug] [2025-09-08T20:01:33.877Z] <<< [apiv2][status] POST https://www.googleapis.com/oauth2/v3/token 200
[debug] [2025-09-08T20:01:33.877Z] <<< [apiv2][body] POST https://www.googleapis.com/oauth2/v3/token [omitted]
[debug] [2025-09-08T20:01:33.901Z] >>> [apiv2][query] GET https://serviceusage.googleapis.com/v1/projects/calmloop/services/firebasecrashlytics.googleapis.com [none]
[debug] [2025-09-08T20:01:33.901Z] >>> [apiv2][(partial)header] GET https://serviceusage.googleapis.com/v1/projects/calmloop/services/firebasecrashlytics.googleapis.com x-goog-quota-user=projects/calmloop
[debug] [2025-09-08T20:01:33.914Z] <<< [apiv2][status] POST https://www.googleapis.com/oauth2/v3/token 200
[debug] [2025-09-08T20:01:33.919Z] <<< [apiv2][body] POST https://www.googleapis.com/oauth2/v3/token [omitted]
[debug] [2025-09-08T20:01:33.939Z] >>> [apiv2][query] GET https://serviceusage.googleapis.com/v1/projects/calmloop/services/firebaseapphosting.googleapis.com [none]
[debug] [2025-09-08T20:01:33.940Z] >>> [apiv2][(partial)header] GET https://serviceusage.googleapis.com/v1/projects/calmloop/services/firebaseapphosting.googleapis.com x-goog-quota-user=projects/calmloop
[debug] [2025-09-08T20:01:33.946Z] <<< [apiv2][status] POST https://www.googleapis.com/oauth2/v3/token 200
[debug] [2025-09-08T20:01:33.946Z] <<< [apiv2][body] POST https://www.googleapis.com/oauth2/v3/token [omitted]
[debug] [2025-09-08T20:01:33.982Z] >>> [apiv2][query] GET https://serviceusage.googleapis.com/v1/projects/calmloop/services/firebasedataconnect.googleapis.com [none]
[debug] [2025-09-08T20:01:33.982Z] >>> [apiv2][(partial)header] GET https://serviceusage.googleapis.com/v1/projects/calmloop/services/firebasedataconnect.googleapis.com x-goog-quota-user=projects/calmloop
[debug] [2025-09-08T20:01:34.029Z] <<< [apiv2][status] GET https://serviceusage.googleapis.com/v1/projects/calmloop/services/firebaseio.com 403
[debug] [2025-09-08T20:01:34.030Z] <<< [apiv2][body] GET https://serviceusage.googleapis.com/v1/projects/calmloop/services/firebaseio.com [omitted]
[debug] [2025-09-08T20:01:34.056Z] <<< [apiv2][status] POST https://www.googleapis.com/oauth2/v3/token 200
[debug] [2025-09-08T20:01:34.057Z] <<< [apiv2][body] POST https://www.googleapis.com/oauth2/v3/token [omitted]
[debug] [2025-09-08T20:01:34.079Z] >>> [apiv2][query] GET https://serviceusage.googleapis.com/v1/projects/calmloop/services/firebasecrashlytics.googleapis.com [none]
[debug] [2025-09-08T20:01:34.079Z] >>> [apiv2][(partial)header] GET https://serviceusage.googleapis.com/v1/projects/calmloop/services/firebasecrashlytics.googleapis.com x-goog-quota-user=projects/calmloop
[debug] [2025-09-08T20:01:34.082Z] <<< [apiv2][status] POST https://www.googleapis.com/oauth2/v3/token 200
[debug] [2025-09-08T20:01:34.083Z] <<< [apiv2][body] POST https://www.googleapis.com/oauth2/v3/token [omitted]
[debug] [2025-09-08T20:01:34.103Z] >>> [apiv2][query] GET https://serviceusage.googleapis.com/v1/projects/calmloop/services/firebaseio.com [none]
[debug] [2025-09-08T20:01:34.103Z] >>> [apiv2][(partial)header] GET https://serviceusage.googleapis.com/v1/projects/calmloop/services/firebaseio.com x-goog-quota-user=projects/calmloop
[debug] [2025-09-08T20:01:34.108Z] <<< [apiv2][status] POST https://www.googleapis.com/oauth2/v3/token 200
[debug] [2025-09-08T20:01:34.108Z] <<< [apiv2][body] POST https://www.googleapis.com/oauth2/v3/token [omitted]
[debug] [2025-09-08T20:01:34.121Z] >>> [apiv2][query] GET https://serviceusage.googleapis.com/v1/projects/calmloop/services/firebaseapphosting.googleapis.com [none]
[debug] [2025-09-08T20:01:34.121Z] >>> [apiv2][(partial)header] GET https://serviceusage.googleapis.com/v1/projects/calmloop/services/firebaseapphosting.googleapis.com x-goog-quota-user=projects/calmloop
[debug] [2025-09-08T20:01:34.125Z] <<< [apiv2][status] POST https://www.googleapis.com/oauth2/v3/token 200
[debug] [2025-09-08T20:01:34.125Z] <<< [apiv2][body] POST https://www.googleapis.com/oauth2/v3/token [omitted]
[debug] [2025-09-08T20:01:34.139Z] >>> [apiv2][query] GET https://serviceusage.googleapis.com/v1/projects/calmloop/services/ [none]
[debug] [2025-09-08T20:01:34.139Z] >>> [apiv2][(partial)header] GET https://serviceusage.googleapis.com/v1/projects/calmloop/services/ x-goog-quota-user=projects/calmloop
[debug] [2025-09-08T20:01:34.154Z] <<< [apiv2][status] POST https://www.googleapis.com/oauth2/v3/token 200
[debug] [2025-09-08T20:01:34.154Z] <<< [apiv2][body] POST https://www.googleapis.com/oauth2/v3/token [omitted]
[debug] [2025-09-08T20:01:34.183Z] >>> [apiv2][query] GET https://serviceusage.googleapis.com/v1/projects/calmloop/services/firebasedataconnect.googleapis.com [none]
[debug] [2025-09-08T20:01:34.196Z] >>> [apiv2][(partial)header] GET https://serviceusage.googleapis.com/v1/projects/calmloop/services/firebasedataconnect.googleapis.com x-goog-quota-user=projects/calmloop
[debug] [2025-09-08T20:01:34.356Z] <<< [apiv2][status] GET https://serviceusage.googleapis.com/v1/projects/calmloop/services/firebasecrashlytics.googleapis.com 200
[debug] [2025-09-08T20:01:34.356Z] <<< [apiv2][body] GET https://serviceusage.googleapis.com/v1/projects/calmloop/services/firebasecrashlytics.googleapis.com [omitted]
[debug] [2025-09-08T20:01:34.375Z] <<< [apiv2][status] GET https://serviceusage.googleapis.com/v1/projects/calmloop/services/firebaseapphosting.googleapis.com 200
[debug] [2025-09-08T20:01:34.375Z] <<< [apiv2][body] GET https://serviceusage.googleapis.com/v1/projects/calmloop/services/firebaseapphosting.googleapis.com [omitted]
[debug] [2025-09-08T20:01:34.383Z] <<< [apiv2][status] GET https://serviceusage.googleapis.com/v1/projects/calmloop/services/firebaseio.com 403
[debug] [2025-09-08T20:01:34.383Z] <<< [apiv2][body] GET https://serviceusage.googleapis.com/v1/projects/calmloop/services/firebaseio.com [omitted]
[debug] [2025-09-08T20:01:34.387Z] <<< [apiv2][status] GET https://serviceusage.googleapis.com/v1/projects/calmloop/services/firebasedataconnect.googleapis.com 200
[debug] [2025-09-08T20:01:34.387Z] <<< [apiv2][body] GET https://serviceusage.googleapis.com/v1/projects/calmloop/services/firebasedataconnect.googleapis.com [omitted]
[debug] [2025-09-08T20:01:34.388Z] <<< [apiv2][status] GET https://serviceusage.googleapis.com/v1/projects/calmloop/services/firebasecrashlytics.googleapis.com 200
[debug] [2025-09-08T20:01:34.388Z] <<< [apiv2][body] GET https://serviceusage.googleapis.com/v1/projects/calmloop/services/firebasecrashlytics.googleapis.com [omitted]
[debug] [2025-09-08T20:01:34.590Z] <<< [apiv2][status] GET https://serviceusage.googleapis.com/v1/projects/calmloop/services/ 200
[debug] [2025-09-08T20:01:34.594Z] <<< [apiv2][body] GET https://serviceusage.googleapis.com/v1/projects/calmloop/services/ [omitted]
[debug] [2025-09-08T20:01:34.686Z] <<< [apiv2][status] GET https://serviceusage.googleapis.com/v1/projects/calmloop/services/firebasedataconnect.googleapis.com 200
[debug] [2025-09-08T20:01:34.686Z] <<< [apiv2][body] GET https://serviceusage.googleapis.com/v1/projects/calmloop/services/firebasedataconnect.googleapis.com [omitted]
[debug] [2025-09-08T20:01:34.696Z] <<< [apiv2][status] GET https://serviceusage.googleapis.com/v1/projects/calmloop/services/firebaseapphosting.googleapis.com 200
[debug] [2025-09-08T20:01:34.696Z] <<< [apiv2][body] GET https://serviceusage.googleapis.com/v1/projects/calmloop/services/firebaseapphosting.googleapis.com [omitted]
[debug] [2025-09-08T20:01:34.739Z] <<< [apiv2][status] GET https://serviceusage.googleapis.com/v1/projects/calmloop/services/ 200
[debug] [2025-09-08T20:01:34.740Z] <<< [apiv2][body] GET https://serviceusage.googleapis.com/v1/projects/calmloop/services/ [omitted]
[debug] [2025-09-08T20:01:34.747Z] Object "" in "firebase.json" has unknown property: {"additionalProperty":"headers"}
[error] Failed to fetch Firebase Project from Studio Workspace because WORKSPACE_SLUG environment variable is empty
[debug] [2025-09-08T20:01:34.759Z] Object "" in "firebase.json" has unknown property: {"additionalProperty":"headers"}
[error] Failed to fetch Firebase Project from Studio Workspace because WORKSPACE_SLUG environment variable is empty
[debug] [2025-09-08T20:01:34.766Z] > command requires scopes: ["email","openid","https://www.googleapis.com/auth/cloudplatformprojects.readonly","https://www.googleapis.com/auth/firebase","https://www.googleapis.com/auth/cloud-platform","https://www.googleapis.com/auth/userinfo.email"]
[debug] [2025-09-08T20:01:34.767Z] > authorizing via signed-in user (nosby2007@gmail.com)
[debug] [2025-09-08T20:02:06.902Z] Object "" in "firebase.json" has unknown property: {"additionalProperty":"headers"}
[error] Failed to fetch Firebase Project from Studio Workspace because WORKSPACE_SLUG environment variable is empty
[debug] [2025-09-08T20:02:06.915Z] Object "" in "firebase.json" has unknown property: {"additionalProperty":"headers"}
[error] Failed to fetch Firebase Project from Studio Workspace because WORKSPACE_SLUG environment variable is empty
[debug] [2025-09-08T20:02:06.920Z] Checked if tokens are valid: true, expires at: 1757365293154
[debug] [2025-09-08T20:02:06.920Z] Checked if tokens are valid: true, expires at: 1757365293154
[debug] [2025-09-08T20:02:06.921Z] Checked if tokens are valid: true, expires at: 1757365293154
[debug] [2025-09-08T20:02:06.922Z] Checked if tokens are valid: true, expires at: 1757365293154
[debug] [2025-09-08T20:02:06.923Z] Checked if tokens are valid: true, expires at: 1757365293154
[debug] [2025-09-08T20:02:06.923Z] Checked if tokens are valid: true, expires at: 1757365293154
[debug] [2025-09-08T20:02:06.923Z] Checked if tokens are valid: true, expires at: 1757365293154
[debug] [2025-09-08T20:02:06.924Z] Checked if tokens are valid: true, expires at: 1757365293154
[debug] [2025-09-08T20:02:06.924Z] Checked if tokens are valid: true, expires at: 1757365293154
[debug] [2025-09-08T20:02:06.924Z] Checked if tokens are valid: true, expires at: 1757365293154
[debug] [2025-09-08T20:02:06.932Z] >>> [apiv2][query] GET https://serviceusage.googleapis.com/v1/projects/calmloop/services/ [none]
[debug] [2025-09-08T20:02:06.933Z] >>> [apiv2][(partial)header] GET https://serviceusage.googleapis.com/v1/projects/calmloop/services/ x-goog-quota-user=projects/calmloop
[debug] [2025-09-08T20:02:07.001Z] >>> [apiv2][query] GET https://serviceusage.googleapis.com/v1/projects/calmloop/services/firebasedataconnect.googleapis.com [none]
[debug] [2025-09-08T20:02:07.002Z] >>> [apiv2][(partial)header] GET https://serviceusage.googleapis.com/v1/projects/calmloop/services/firebasedataconnect.googleapis.com x-goog-quota-user=projects/calmloop
[debug] [2025-09-08T20:02:07.006Z] >>> [apiv2][query] GET https://serviceusage.googleapis.com/v1/projects/calmloop/services/firebasecrashlytics.googleapis.com [none]
[debug] [2025-09-08T20:02:07.006Z] >>> [apiv2][(partial)header] GET https://serviceusage.googleapis.com/v1/projects/calmloop/services/firebasecrashlytics.googleapis.com x-goog-quota-user=projects/calmloop
[debug] [2025-09-08T20:02:07.008Z] >>> [apiv2][query] GET https://serviceusage.googleapis.com/v1/projects/calmloop/services/firebaseapphosting.googleapis.com [none]
[debug] [2025-09-08T20:02:07.009Z] >>> [apiv2][(partial)header] GET https://serviceusage.googleapis.com/v1/projects/calmloop/services/firebaseapphosting.googleapis.com x-goog-quota-user=projects/calmloop
[debug] [2025-09-08T20:02:07.012Z] >>> [apiv2][query] GET https://serviceusage.googleapis.com/v1/projects/calmloop/services/firebaseio.com [none]
[debug] [2025-09-08T20:02:07.012Z] >>> [apiv2][(partial)header] GET https://serviceusage.googleapis.com/v1/projects/calmloop/services/firebaseio.com x-goog-quota-user=projects/calmloop
[debug] [2025-09-08T20:02:07.097Z] Object "" in "firebase.json" has unknown property: {"additionalProperty":"headers"}
[error] Failed to fetch Firebase Project from Studio Workspace because WORKSPACE_SLUG environment variable is empty
[debug] [2025-09-08T20:02:07.102Z] Object "" in "firebase.json" has unknown property: {"additionalProperty":"headers"}
[error] Failed to fetch Firebase Project from Studio Workspace because WORKSPACE_SLUG environment variable is empty
[debug] [2025-09-08T20:02:07.103Z] Checked if tokens are valid: true, expires at: 1757365293154
[debug] [2025-09-08T20:02:07.106Z] Checked if tokens are valid: true, expires at: 1757365293154
[debug] [2025-09-08T20:02:07.106Z] Checked if tokens are valid: true, expires at: 1757365293154
[debug] [2025-09-08T20:02:07.106Z] Checked if tokens are valid: true, expires at: 1757365293154
[debug] [2025-09-08T20:02:07.107Z] Checked if tokens are valid: true, expires at: 1757365293154
[debug] [2025-09-08T20:02:07.107Z] Checked if tokens are valid: true, expires at: 1757365293154
[debug] [2025-09-08T20:02:07.108Z] Checked if tokens are valid: true, expires at: 1757365293154
[debug] [2025-09-08T20:02:07.110Z] Checked if tokens are valid: true, expires at: 1757365293154
[debug] [2025-09-08T20:02:07.110Z] Checked if tokens are valid: true, expires at: 1757365293154
[debug] [2025-09-08T20:02:07.111Z] Checked if tokens are valid: true, expires at: 1757365293154
[debug] [2025-09-08T20:02:07.111Z] >>> [apiv2][query] GET https://serviceusage.googleapis.com/v1/projects/calmloop/services/ [none]
[debug] [2025-09-08T20:02:07.111Z] >>> [apiv2][(partial)header] GET https://serviceusage.googleapis.com/v1/projects/calmloop/services/ x-goog-quota-user=projects/calmloop
[debug] [2025-09-08T20:02:07.116Z] >>> [apiv2][query] GET https://serviceusage.googleapis.com/v1/projects/calmloop/services/firebasedataconnect.googleapis.com [none]
[debug] [2025-09-08T20:02:07.116Z] >>> [apiv2][(partial)header] GET https://serviceusage.googleapis.com/v1/projects/calmloop/services/firebasedataconnect.googleapis.com x-goog-quota-user=projects/calmloop
[debug] [2025-09-08T20:02:07.119Z] >>> [apiv2][query] GET https://serviceusage.googleapis.com/v1/projects/calmloop/services/firebasecrashlytics.googleapis.com [none]
[debug] [2025-09-08T20:02:07.119Z] >>> [apiv2][(partial)header] GET https://serviceusage.googleapis.com/v1/projects/calmloop/services/firebasecrashlytics.googleapis.com x-goog-quota-user=projects/calmloop
[debug] [2025-09-08T20:02:07.122Z] >>> [apiv2][query] GET https://serviceusage.googleapis.com/v1/projects/calmloop/services/firebaseapphosting.googleapis.com [none]
[debug] [2025-09-08T20:02:07.122Z] >>> [apiv2][(partial)header] GET https://serviceusage.googleapis.com/v1/projects/calmloop/services/firebaseapphosting.googleapis.com x-goog-quota-user=projects/calmloop
[debug] [2025-09-08T20:02:07.125Z] >>> [apiv2][query] GET https://serviceusage.googleapis.com/v1/projects/calmloop/services/firebaseio.com [none]
[debug] [2025-09-08T20:02:07.125Z] >>> [apiv2][(partial)header] GET https://serviceusage.googleapis.com/v1/projects/calmloop/services/firebaseio.com x-goog-quota-user=projects/calmloop
[debug] [2025-09-08T20:02:07.293Z] <<< [apiv2][status] GET https://serviceusage.googleapis.com/v1/projects/calmloop/services/firebaseio.com 403
[debug] [2025-09-08T20:02:07.295Z] <<< [apiv2][body] GET https://serviceusage.googleapis.com/v1/projects/calmloop/services/firebaseio.com [omitted]
[debug] [2025-09-08T20:02:07.330Z] <<< [apiv2][status] GET https://serviceusage.googleapis.com/v1/projects/calmloop/services/firebaseio.com 403
[debug] [2025-09-08T20:02:07.330Z] <<< [apiv2][body] GET https://serviceusage.googleapis.com/v1/projects/calmloop/services/firebaseio.com [omitted]
[debug] [2025-09-08T20:02:07.370Z] <<< [apiv2][status] GET https://serviceusage.googleapis.com/v1/projects/calmloop/services/firebasecrashlytics.googleapis.com 200
[debug] [2025-09-08T20:02:07.370Z] <<< [apiv2][body] GET https://serviceusage.googleapis.com/v1/projects/calmloop/services/firebasecrashlytics.googleapis.com [omitted]
[debug] [2025-09-08T20:02:07.383Z] <<< [apiv2][status] GET https://serviceusage.googleapis.com/v1/projects/calmloop/services/firebasedataconnect.googleapis.com 200
[debug] [2025-09-08T20:02:07.384Z] <<< [apiv2][body] GET https://serviceusage.googleapis.com/v1/projects/calmloop/services/firebasedataconnect.googleapis.com [omitted]
[debug] [2025-09-08T20:02:07.387Z] <<< [apiv2][status] GET https://serviceusage.googleapis.com/v1/projects/calmloop/services/firebaseapphosting.googleapis.com 200
[debug] [2025-09-08T20:02:07.387Z] <<< [apiv2][body] GET https://serviceusage.googleapis.com/v1/projects/calmloop/services/firebaseapphosting.googleapis.com [omitted]
[debug] [2025-09-08T20:02:07.430Z] <<< [apiv2][status] GET https://serviceusage.googleapis.com/v1/projects/calmloop/services/firebaseapphosting.googleapis.com 200
[debug] [2025-09-08T20:02:07.430Z] <<< [apiv2][body] GET https://serviceusage.googleapis.com/v1/projects/calmloop/services/firebaseapphosting.googleapis.com [omitted]
[debug] [2025-09-08T20:02:07.433Z] <<< [apiv2][status] GET https://serviceusage.googleapis.com/v1/projects/calmloop/services/firebasecrashlytics.googleapis.com 200
[debug] [2025-09-08T20:02:07.434Z] <<< [apiv2][body] GET https://serviceusage.googleapis.com/v1/projects/calmloop/services/firebasecrashlytics.googleapis.com [omitted]
[debug] [2025-09-08T20:02:07.457Z] <<< [apiv2][status] GET https://serviceusage.googleapis.com/v1/projects/calmloop/services/firebasedataconnect.googleapis.com 200
[debug] [2025-09-08T20:02:07.457Z] <<< [apiv2][body] GET https://serviceusage.googleapis.com/v1/projects/calmloop/services/firebasedataconnect.googleapis.com [omitted]
[debug] [2025-09-08T20:02:07.604Z] <<< [apiv2][status] GET https://serviceusage.googleapis.com/v1/projects/calmloop/services/ 200
[debug] [2025-09-08T20:02:07.604Z] <<< [apiv2][body] GET https://serviceusage.googleapis.com/v1/projects/calmloop/services/ [omitted]
[debug] [2025-09-08T20:02:07.630Z] <<< [apiv2][status] GET https://serviceusage.googleapis.com/v1/projects/calmloop/services/ 200
[debug] [2025-09-08T20:02:07.630Z] <<< [apiv2][body] GET https://serviceusage.googleapis.com/v1/projects/calmloop/services/ [omitted]
[debug] [2025-09-08T20:02:07.631Z] Object "" in "firebase.json" has unknown property: {"additionalProperty":"headers"}
[error] Failed to fetch Firebase Project from Studio Workspace because WORKSPACE_SLUG environment variable is empty
[debug] [2025-09-08T20:02:07.649Z] Object "" in "firebase.json" has unknown property: {"additionalProperty":"headers"}
[error] Failed to fetch Firebase Project from Studio Workspace because WORKSPACE_SLUG environment variable is empty
[debug] [2025-09-08T20:02:07.650Z] > command requires scopes: ["email","openid","https://www.googleapis.com/auth/cloudplatformprojects.readonly","https://www.googleapis.com/auth/firebase","https://www.googleapis.com/auth/cloud-platform","https://www.googleapis.com/auth/userinfo.email"]
[debug] [2025-09-08T20:02:07.651Z] > authorizing via signed-in user (nosby2007@gmail.com)
